<?xml version="1.0" encoding="UTF-8"?>
<!-- Generated by org.testng.reporters.JUnitReportReporter -->
<testsuite hostname="Daniels-MacBook-Pro.local" failures="0" tests="4" name="dev.pitchtests.PitchDAOTests" time="1.949" errors="0" timestamp="2022-01-20T10:36:51 MST" skipped="0">
  <testcase classname="dev.pitchtests.PitchDAOTests" name="acceptOffer" time="0.443"/>
  <system-out/>
  <testcase classname="dev.pitchtests.PitchDAOTests" name="makeOffer" time="0.479"/>
  <system-out/>
  <testcase classname="dev.pitchtests.PitchDAOTests" name="viewPitches" time="0.457"/>
  <system-out/>
  <testcase classname="dev.pitchtests.PitchDAOTests" name="createPitch" time="0.570"/>
  <system-out/>
</testsuite> <!-- dev.pitchtests.PitchDAOTests -->
