<?xml version="1.0" encoding="UTF-8"?>
<!-- Generated by org.testng.reporters.JUnitReportReporter -->
<testsuite hostname="MacBook-Pro-2.local" failures="0" tests="4" name="dev.businesstests.BusinessDAOTest" time="2.388" errors="0" timestamp="2022-01-13T00:39:01 EST" skipped="0">
  <testcase classname="dev.businesstests.BusinessDAOTest" name="testGetBusinessByUserName" time="0.616"/>
  <system-out/>
  <testcase classname="dev.businesstests.BusinessDAOTest" name="getAllBusinesses" time="0.533"/>
  <system-out/>
  <testcase classname="dev.businesstests.BusinessDAOTest" name="testCreateBusiness" time="0.647"/>
  <system-out/>
  <testcase classname="dev.businesstests.BusinessDAOTest" name="selectBusinessById" time="0.592"/>
  <system-out/>
</testsuite> <!-- dev.businesstests.BusinessDAOTest -->
