<?xml version="1.0" encoding="UTF-8"?>
<!-- Generated by org.testng.reporters.JUnitReportReporter -->
<testsuite hostname="Daniels-MacBook-Pro.local" failures="0" tests="3" name="dev.commentingtests.CommentingDAOTest" time="1.369" errors="0" timestamp="2022-01-20T10:36:51 MST" skipped="0">
  <testcase classname="dev.commentingtests.CommentingDAOTest" name="testCreateComment" time="0.486"/>
  <system-out/>
  <testcase classname="dev.commentingtests.CommentingDAOTest" name="getAllComments" time="0.427"/>
  <system-out/>
  <testcase classname="dev.commentingtests.CommentingDAOTest" name="selectCommentById" time="0.456"/>
  <system-out/>
</testsuite> <!-- dev.commentingtests.CommentingDAOTest -->
