<?xml version="1.0" encoding="UTF-8"?>
<!-- Generated by org.testng.reporters.JUnitReportReporter -->
<testsuite hostname="Daniels-MacBook-Pro.local" failures="0" tests="9" name="dev.pitchtests.PitchServiceTests" time="0.009" errors="0" timestamp="2022-01-20T10:36:51 MST" skipped="0">
  <testcase classname="dev.pitchtests.PitchServiceTests" name="createPitchPercentTooHigh" time="0.001"/>
  <system-out/>
  <testcase classname="dev.pitchtests.PitchServiceTests" name="makeOfferReturnedValue" time="0.001"/>
  <system-out/>
  <testcase classname="dev.pitchtests.PitchServiceTests" name="viewPitchesReturnedValue" time="0.001"/>
  <system-out/>
  <testcase classname="dev.pitchtests.PitchServiceTests" name="createPitchReturnedValue" time="0.001"/>
  <system-out/>
  <testcase classname="dev.pitchtests.PitchServiceTests" name="createPitchIncorrectDataType" time="0.001"/>
  <system-out/>
  <testcase classname="dev.pitchtests.PitchServiceTests" name="createPitchAmountTooHigh" time="0.001"/>
  <system-out/>
  <testcase classname="dev.pitchtests.PitchServiceTests" name="acceptOfferReturnedValue" time="0.001"/>
  <system-out/>
  <testcase classname="dev.pitchtests.PitchServiceTests" name="createPitchNullValue" time="0.001"/>
  <system-out/>
  <testcase classname="dev.pitchtests.PitchServiceTests" name="createPitchTooManyChar" time="0.001"/>
  <system-out/>
</testsuite> <!-- dev.pitchtests.PitchServiceTests -->
