<?xml version="1.0" encoding="UTF-8"?>
<!-- Generated by org.testng.reporters.JUnitReportReporter -->
<testsuite hostname="Daniels-MacBook-Pro.local" failures="0" tests="4" name="dev.businesstests.BusinessDAOTest" time="1.764" errors="0" timestamp="2022-01-20T10:36:51 MST" skipped="0">
  <testcase classname="dev.businesstests.BusinessDAOTest" name="getAllBusinesses" time="0.423"/>
  <system-out/>
  <testcase classname="dev.businesstests.BusinessDAOTest" name="testGetBusinessByUserName" time="0.413"/>
  <system-out/>
  <testcase classname="dev.businesstests.BusinessDAOTest" name="testCreateBusiness" time="0.444"/>
  <system-out/>
  <testcase classname="dev.businesstests.BusinessDAOTest" name="selectBusinessById" time="0.484"/>
  <system-out/>
</testsuite> <!-- dev.businesstests.BusinessDAOTest -->
