<?xml version="1.0" encoding="UTF-8"?>
<!-- Generated by org.testng.reporters.JUnitReportReporter -->
<testsuite hostname="MacBook-Pro-2.local" failures="0" tests="9" name="dev.pitchtests.PitchServiceTests" time="0.006" errors="0" timestamp="2022-01-13T00:39:01 EST" skipped="0">
  <testcase classname="dev.pitchtests.PitchServiceTests" name="createPitchAmountTooHigh" time="0.000"/>
  <system-out/>
  <testcase classname="dev.pitchtests.PitchServiceTests" name="viewPitchesReturnedValue" time="0.000"/>
  <system-out/>
  <testcase classname="dev.pitchtests.PitchServiceTests" name="createPitchPercentTooHigh" time="0.001"/>
  <system-out/>
  <testcase classname="dev.pitchtests.PitchServiceTests" name="createPitchIncorrectDataType" time="0.001"/>
  <system-out/>
  <testcase classname="dev.pitchtests.PitchServiceTests" name="createPitchReturnedValue" time="0.001"/>
  <system-out/>
  <testcase classname="dev.pitchtests.PitchServiceTests" name="acceptOfferReturnedValue" time="0.001"/>
  <system-out/>
  <testcase classname="dev.pitchtests.PitchServiceTests" name="makeOfferReturnedValue" time="0.000"/>
  <system-out/>
  <testcase classname="dev.pitchtests.PitchServiceTests" name="createPitchNullValue" time="0.001"/>
  <system-out/>
  <testcase classname="dev.pitchtests.PitchServiceTests" name="createPitchTooManyChar" time="0.001"/>
  <system-out/>
</testsuite> <!-- dev.pitchtests.PitchServiceTests -->
