<?xml version="1.0" encoding="UTF-8"?>
<!-- Generated by org.testng.reporters.JUnitReportReporter -->
<testsuite hostname="MacBook-Pro-2.local" failures="0" tests="13" name="dev.businessservicestests.BusinessServicesTests" time="0.004" errors="0" timestamp="2022-01-13T00:39:01 EST" skipped="0">
  <testcase classname="dev.businessservicestests.BusinessServicesTests" name="createBusinessNameTooLong" time="0.000"/>
  <system-out/>
  <testcase classname="dev.businessservicestests.BusinessServicesTests" name="createBusinessWithNoName" time="0.000"/>
  <system-out/>
  <testcase classname="dev.businessservicestests.BusinessServicesTests" name="businessByIdMockito" time="0.000"/>
  <system-out/>
  <testcase classname="dev.businessservicestests.BusinessServicesTests" name="createRoleTooLong" time="0.000"/>
  <system-out/>
  <testcase classname="dev.businessservicestests.BusinessServicesTests" name="nonLettersUsedInCreate" time="0.000"/>
  <system-out/>
  <testcase classname="dev.businessservicestests.BusinessServicesTests" name="viewAllBusinessesMockito" time="0.001"/>
  <system-out/>
  <testcase classname="dev.businessservicestests.BusinessServicesTests" name="businessLoginPasswordFailure" time="0.000"/>
  <system-out/>
  <testcase classname="dev.businessservicestests.BusinessServicesTests" name="loginCredentialsIncorrect" time="0.000"/>
  <system-out/>
  <testcase classname="dev.businessservicestests.BusinessServicesTests" name="longUserNameCreate" time="0.001"/>
  <system-out/>
  <testcase classname="dev.businessservicestests.BusinessServicesTests" name="businessLoginUsernameFailure" time="0.001"/>
  <system-out/>
  <testcase classname="dev.businessservicestests.BusinessServicesTests" name="createBusinessMockito" time="0.000"/>
  <system-out/>
  <testcase classname="dev.businessservicestests.BusinessServicesTests" name="createBusinessProfileUniqueUsername" time="0.001"/>
  <system-out/>
  <testcase classname="dev.businessservicestests.BusinessServicesTests" name="shortUserNameCreate" time="0.000"/>
  <system-out/>
</testsuite> <!-- dev.businessservicestests.BusinessServicesTests -->
