<?xml version="1.0" encoding="UTF-8"?>
<!-- Generated by org.testng.reporters.JUnitReportReporter -->
<testsuite hostname="MacBook-Pro-2.local" failures="0" tests="3" name="dev.commentingtests.CommentingDAOTest" time="2.093" errors="0" timestamp="2022-01-13T00:39:01 EST" skipped="0">
  <testcase classname="dev.commentingtests.CommentingDAOTest" name="testCreateComment" time="0.804"/>
  <system-out/>
  <testcase classname="dev.commentingtests.CommentingDAOTest" name="selectCommentById" time="0.723"/>
  <system-out/>
  <testcase classname="dev.commentingtests.CommentingDAOTest" name="getAllComments" time="0.566"/>
  <system-out/>
</testsuite> <!-- dev.commentingtests.CommentingDAOTest -->
