<?xml version="1.0" encoding="UTF-8"?>
<!-- Generated by org.testng.reporters.JUnitReportReporter -->
<testsuite hostname="MacBook-Pro-2.local" failures="0" tests="8" name="dev.commentingservicetests.CommentingServiceTests" time="0.004" errors="0" timestamp="2022-01-13T00:39:01 EST" skipped="0">
  <testcase classname="dev.commentingservicetests.CommentingServiceTests" name="getCommentMockito" time="0.000"/>
  <system-out/>
  <testcase classname="dev.commentingservicetests.CommentingServiceTests" name="badCommentDateMockito" time="0.000"/>
  <system-out/>
  <testcase classname="dev.commentingservicetests.CommentingServiceTests" name="noDateMockito" time="0.000"/>
  <system-out/>
  <testcase classname="dev.commentingservicetests.CommentingServiceTests" name="badIdForCommentMockito" time="0.001"/>
  <system-out/>
  <testcase classname="dev.commentingservicetests.CommentingServiceTests" name="getAllComments" time="0.001"/>
  <system-out/>
  <testcase classname="dev.commentingservicetests.CommentingServiceTests" name="createCommentMockito" time="0.000"/>
  <system-out/>
  <testcase classname="dev.commentingservicetests.CommentingServiceTests" name="noCommentMockito" time="0.001"/>
  <system-out/>
  <testcase classname="dev.commentingservicetests.CommentingServiceTests" name="tooLongCommentMockito" time="0.001"/>
  <system-out/>
</testsuite> <!-- dev.commentingservicetests.CommentingServiceTests -->
