<?xml version="1.0" encoding="UTF-8"?>
<!-- Generated by org.testng.reporters.JUnitReportReporter -->
<testsuite hostname="MacBook-Pro-2.local" failures="0" tests="13" name="dev.SharkTests.SharkServiceTests" time="0.012" errors="0" timestamp="2022-01-13T00:39:01 EST" skipped="0">
  <testcase classname="dev.SharkTests.SharkServiceTests" name="createSharkProfileUniqueUsername" time="0.001"/>
  <system-out/>
  <testcase classname="dev.SharkTests.SharkServiceTests" name="sharkLoginPasswordFail" time="0.001"/>
  <system-out/>
  <testcase classname="dev.SharkTests.SharkServiceTests" name="sharkLoginTooManyChar" time="0.000"/>
  <system-out/>
  <testcase classname="dev.SharkTests.SharkServiceTests" name="createSharkProfileShortUsername" time="0.001"/>
  <system-out/>
  <testcase classname="dev.SharkTests.SharkServiceTests" name="sharkLoginUsernameFail" time="0.000"/>
  <system-out/>
  <testcase classname="dev.SharkTests.SharkServiceTests" name="sharkLoginNullValues" time="0.000"/>
  <system-out/>
  <testcase classname="dev.SharkTests.SharkServiceTests" name="createSharkProfileShortPassword" time="0.000"/>
  <system-out/>
  <testcase classname="dev.SharkTests.SharkServiceTests" name="sharkLoginSuccess" time="0.001"/>
  <system-out/>
  <testcase classname="dev.SharkTests.SharkServiceTests" name="sharkLoginServiceUsernamePasswordFail" time="0.000"/>
  <system-out/>
  <testcase classname="dev.SharkTests.SharkServiceTests" name="createSharkProfileNullValue" time="0.001"/>
  <system-out/>
  <testcase classname="dev.SharkTests.SharkServiceTests" name="createSharkProfileReturnedValue" time="0.003"/>
  <system-out/>
  <testcase classname="dev.SharkTests.SharkServiceTests" name="createSharkProfileTooManyChar" time="0.000"/>
  <system-out/>
  <testcase classname="dev.SharkTests.SharkServiceTests" name="createSharkProfileIncorrectDataType" time="0.004"/>
  <system-out/>
</testsuite> <!-- dev.SharkTests.SharkServiceTests -->
