<?xml version="1.0" encoding="UTF-8"?>
<!-- Generated by org.testng.reporters.JUnitReportReporter -->
<testsuite hostname="Daniels-MacBook-Pro.local" failures="0" tests="3" name="dev.SharkTests.SharkDAOTests" time="1.704" errors="0" timestamp="2022-01-20T10:36:51 MST" skipped="0">
  <testcase classname="dev.SharkTests.SharkDAOTests" name="getSharkByUsername" time="0.549"/>
  <system-out/>
  <testcase classname="dev.SharkTests.SharkDAOTests" name="getAllSharks" time="0.706"/>
  <system-out/>
  <testcase classname="dev.SharkTests.SharkDAOTests" name="sharkCreateProfile" time="0.449"/>
  <system-out/>
</testsuite> <!-- dev.SharkTests.SharkDAOTests -->
