<?xml version="1.0" encoding="UTF-8"?>
<!-- Generated by org.testng.reporters.JUnitReportReporter -->
<testsuite hostname="MacBook-Pro-2.local" failures="0" tests="4" name="dev.pitchtests.PitchDAOTests" time="2.148" errors="0" timestamp="2022-01-13T00:39:01 EST" skipped="0">
  <testcase classname="dev.pitchtests.PitchDAOTests" name="viewPitches" time="0.546"/>
  <system-out/>
  <testcase classname="dev.pitchtests.PitchDAOTests" name="makeOffer" time="0.538"/>
  <system-out/>
  <testcase classname="dev.pitchtests.PitchDAOTests" name="acceptOffer" time="0.516"/>
  <system-out/>
  <testcase classname="dev.pitchtests.PitchDAOTests" name="createPitch" time="0.548"/>
  <system-out/>
</testsuite> <!-- dev.pitchtests.PitchDAOTests -->
